2026-01-28T13:30:26.9059205Z,Updating submodules.,d6b0221c-f0aa-4920-a474-57853394b7a4,0
2026-01-28T13:30:28.1653584Z,Preparing deployment for commit id 'b4638d75-e'.,fe6f1a91-a3fb-4ecf-a3c0-20d1e657fa61,0
2026-01-28T13:30:29.2024868Z,PreDeployment: context.CleanOutputPath False,5843ca36-65fe-4216-a956-f2426544d18c,0
2026-01-28T13:30:31.3871937Z,PreDeployment: context.OutputPath /home/site/wwwroot,33782417-e2ed-4ddd-913c-79f1bb64bd67,0
2026-01-28T13:30:31.6373515Z,Running build. Project type: OneDeploy,e87f072c-d064-4d6d-966d-2e98214b224d,0
2026-01-28T13:30:31.9576543Z,Copying the manifest,ecd62e17-2ace-4fd5-abe0-3c449544dc33,0
2026-01-28T13:30:32.2809612Z,Clean deploying to /home/site/wwwroot,3369cc3f-1bb7-4926-bb47-3e8c4d218ada,0
2026-01-28T13:30:32.5393482Z,Generating deployment script.,6ba048ef-ca4c-4972-8524-5ac521a2b87d,0
2026-01-28T13:30:32.8431041Z,NodeProjectOptimizer Initialized with repository path: /tmp/zipdeploy/extracted and output path: /home/site/wwwroot ,bdab70c1-4052-43f1-b168-a6e9853e971d,0
2026-01-28T13:30:33.0800107Z,Optimizing build...,17d72dee-dab6-4d6d-b941-49cb9a1c97bc,0
2026-01-28T13:30:33.2569312Z,Zipping node_modules...,f56f43a5-84d2-45ff-874a-c0a825f96995,0
	2026-01-28T13:30:33.2766469Z,Command: /opt/Kudu/Scripts/absoluteTar.sh /tmp/zipdeploy/extracted/node_modules /tmp/zipdeploy/extracted/node_modules.tar.gz,,0
	2026-01-28T13:32:14.3338548Z,Zipped /tmp/zipdeploy/extracted/node_modules to /tmp/zipdeploy/extracted/node_modules.tar.gz done successfully,,0
2026-01-28T13:32:14.5066454Z,Zipped Node Modules to /tmp/zipdeploy/extracted/node_modules.tar.gz,b93ed5d7-cd8d-41b0-9029-1339989f11a1,0
2026-01-28T13:32:14.6751656Z,Express Node Deploy: Running rsync...,09a98331-68b6-41e8-82c3-9f72c01e7fdc,0
	2026-01-28T13:32:14.6958439Z,Command: /opt/Kudu/Scripts/parallel_rsync.sh /tmp/zipdeploy/extracted /home/site/wwwroot 8 /tmp/ True False node_modules ,,0
	2026-01-28T13:32:14.9386076Z,Run rsync from: /tmp/zipdeploy/extracted/ to: /home/site/wwwroot/ in 8 parallel threads,,0
	2026-01-28T13:32:14.9965972Z,Delete options: clean=True&comma; use manifest=False&comma; directory to ignore=node_modules,,0
	2026-01-28T13:32:15.0680881Z,Prev manifest = /tmp/tmpK3Njy7.tmp and next /tmp/tmpK3Njy7.tmp,,0
	2026-01-28T13:32:15.0977872Z,Cleaning up /tmp//filelist.txt and /tmp//splits,,0
	2026-01-28T13:32:15.1277140Z,Creating a list of all files at /tmp//filelist.txt,,0
	2026-01-28T13:32:15.1583955Z,Excluding: node_modules,,0
	2026-01-28T13:32:15.3315452Z,Created /tmp//filelist.txt. Total number of files to be synced = 554.,,0
	2026-01-28T13:32:15.4125938Z,Created batches from the list of files. Processing 70 files in each thread,,0
	2026-01-28T13:32:15.5567872Z,Running rsync for filelist /tmp//splits/split.aa from /tmp/zipdeploy/extracted/ to /home/site/wwwroot/,,0
	2026-01-28T13:32:15.6279693Z,Running rsync for filelist /tmp//splits/split.ab from /tmp/zipdeploy/extracted/ to /home/site/wwwroot/,,0
	2026-01-28T13:32:15.6758543Z,Running rsync for filelist /tmp//splits/split.ac from /tmp/zipdeploy/extracted/ to /home/site/wwwroot/,,0
	2026-01-28T13:32:15.8529698Z,Running rsync for filelist /tmp//splits/split.af from /tmp/zipdeploy/extracted/ to /home/site/wwwroot/,,0
	2026-01-28T13:32:15.9810257Z,Running rsync for filelist /tmp//splits/split.ad from /tmp/zipdeploy/extracted/ to /home/site/wwwroot/,,0
	2026-01-28T13:32:16.0976312Z,Running rsync for filelist /tmp//splits/split.ae from /tmp/zipdeploy/extracted/ to /home/site/wwwroot/,,0
	2026-01-28T13:32:16.2225020Z,Running rsync for filelist /tmp//splits/split.ag from /tmp/zipdeploy/extracted/ to /home/site/wwwroot/,,0
	2026-01-28T13:32:16.5249679Z,Running rsync for filelist /tmp//splits/split.ah from /tmp/zipdeploy/extracted/ to /home/site/wwwroot/,,0
	2026-01-28T13:32:35.3478531Z,,,0
	2026-01-28T13:32:35.5499928Z,Number of files: 81 (reg: 64&comma; dir: 17),,0
	2026-01-28T13:32:35.9292737Z,Number of created files: 0,,0
	2026-01-28T13:32:36.1608196Z,Number of deleted files: 0,,0
	2026-01-28T13:32:36.4108092Z,Number of regular files transferred: 64,,0
	2026-01-28T13:32:36.6655868Z,Total file size: 279.32K bytes,,0
	2026-01-28T13:32:36.9358461Z,Total transferred file size: 279.32K bytes,,0
	2026-01-28T13:32:36.9958623Z,Literal data: 279.32K bytes,,0
	2026-01-28T13:32:37.1228262Z,Matched data: 0 bytes,,0
	2026-01-28T13:32:37.1833203Z,File list size: 0,,0
	2026-01-28T13:32:37.2418338Z,File list generation time: 0.078 seconds,,0
	2026-01-28T13:32:37.3329479Z,File list transfer time: 0.000 seconds,,0
	2026-01-28T13:32:37.4981474Z,Total bytes sent: 54.01K,,0
	2026-01-28T13:32:37.6171758Z,Total bytes received: 1.28K,,0
	2026-01-28T13:32:37.6584179Z,,,0
	2026-01-28T13:32:37.8470847Z,sent 54.01K bytes  received 1.28K bytes  2.83K bytes/sec,,0
	2026-01-28T13:32:37.9147442Z,total size is 279.32K  speedup is 5.05,,0
	2026-01-28T13:32:38.0617038Z,Attempt 1: Rsync for filelist /tmp//splits/split.ah completed with exit code 0,,0
	2026-01-28T13:32:38.5424045Z,,,0
	2026-01-28T13:32:38.8286674Z,Number of files: 79 (reg: 70&comma; dir: 9),,0
	2026-01-28T13:32:38.8891294Z,Number of created files: 0,,0
	2026-01-28T13:32:38.9389767Z,Number of deleted files: 0,,0
	2026-01-28T13:32:39.1345556Z,Number of regular files transferred: 70,,0
	2026-01-28T13:32:39.3821080Z,Total file size: 3.67M bytes,,0
	2026-01-28T13:32:39.5408651Z,Total transferred file size: 3.67M bytes,,0
	2026-01-28T13:32:39.6410564Z,Literal data: 3.67M bytes,,0
	2026-01-28T13:32:39.7383634Z,Matched data: 0 bytes,,0
	2026-01-28T13:32:39.8632706Z,File list size: 0,,0
	2026-01-28T13:32:40.0286648Z,File list generation time: 0.204 seconds,,0
	2026-01-28T13:32:40.0992433Z,File list transfer time: 0.000 seconds,,0
	2026-01-28T13:32:40.2570347Z,Total bytes sent: 900.01K,,0
	2026-01-28T13:32:40.2956305Z,Total bytes received: 1.37K,,0
	2026-01-28T13:32:40.3581815Z,,,0
	2026-01-28T13:32:40.4157603Z,sent 900.01K bytes  received 1.37K bytes  40.06K bytes/sec,,0
	2026-01-28T13:32:40.4770935Z,total size is 3.67M  speedup is 4.08,,0
	2026-01-28T13:32:40.5773699Z,Attempt 1: Rsync for filelist /tmp//splits/split.ac completed with exit code 0,,0
	2026-01-28T13:32:40.7875464Z,,,0
	2026-01-28T13:32:40.9175205Z,Number of files: 93 (reg: 70&comma; dir: 23),,0
	2026-01-28T13:32:41.0543880Z,Number of created files: 0,,0
	2026-01-28T13:32:41.2596203Z,Number of deleted files: 0,,0
	2026-01-28T13:32:41.4083549Z,Number of regular files transferred: 70,,0
	2026-01-28T13:32:41.5749222Z,Total file size: 171.98K bytes,,0
	2026-01-28T13:32:41.6409596Z,Total transferred file size: 171.98K bytes,,0
	2026-01-28T13:32:41.6808101Z,Literal data: 171.98K bytes,,0
	2026-01-28T13:32:41.8154793Z,Matched data: 0 bytes,,0
	2026-01-28T13:32:41.9798297Z,File list size: 0,,0
	2026-01-28T13:32:42.1256473Z,File list generation time: 0.567 seconds,,0
	2026-01-28T13:32:42.2358981Z,File list transfer time: 0.000 seconds,,0
	2026-01-28T13:32:42.4452661Z,Total bytes sent: 31.70K,,0
	2026-01-28T13:32:42.5660812Z,Total bytes received: 1.41K,,0
	2026-01-28T13:32:42.6948485Z,,,0
	2026-01-28T13:32:42.8003348Z,sent 31.70K bytes  received 1.41K bytes  1.47K bytes/sec,,0
	2026-01-28T13:32:43.0109966Z,total size is 171.98K  speedup is 5.20,,0
	2026-01-28T13:32:43.1388756Z,Attempt 1: Rsync for filelist /tmp//splits/split.ae completed with exit code 0,,0
	2026-01-28T13:32:43.1797233Z,,,0
	2026-01-28T13:32:43.3261717Z,Number of files: 97 (reg: 70&comma; dir: 27),,0
	2026-01-28T13:32:43.3729266Z,Number of created files: 0,,0
	2026-01-28T13:32:43.4777617Z,Number of deleted files: 0,,0
	2026-01-28T13:32:43.8110445Z,Number of regular files transferred: 70,,0
	2026-01-28T13:32:43.9222793Z,Total file size: 226.03K bytes,,0
	2026-01-28T13:32:44.0494492Z,Total transferred file size: 226.03K bytes,,0
	2026-01-28T13:32:44.3312508Z,Literal data: 226.03K bytes,,0
	2026-01-28T13:32:44.4106756Z,Matched data: 0 bytes,,0
	2026-01-28T13:32:44.5306736Z,File list size: 0,,0
	2026-01-28T13:32:44.5716894Z,File list generation time: 0.477 seconds,,0
	2026-01-28T13:32:44.6523450Z,File list transfer time: 0.000 seconds,,0
	2026-01-28T13:32:44.7108852Z,Total bytes sent: 12.08K,,0
	2026-01-28T13:32:44.7926506Z,Total bytes received: 1.43K,,0
	2026-01-28T13:32:44.9100320Z,,,0
	2026-01-28T13:32:44.9490770Z,sent 12.08K bytes  received 1.43K bytes  509.66 bytes/sec,,0
	2026-01-28T13:32:45.0099397Z,total size is 226.03K  speedup is 16.74,,0
	2026-01-28T13:32:45.0986413Z,Attempt 1: Rsync for filelist /tmp//splits/split.ag completed with exit code 0,,0
	2026-01-28T13:32:45.1966220Z,,,0
	2026-01-28T13:32:45.2562474Z,Number of files: 95 (reg: 70&comma; dir: 25),,0
	2026-01-28T13:32:45.3075297Z,Number of created files: 0,,0
	2026-01-28T13:32:45.3670249Z,Number of deleted files: 0,,0
	2026-01-28T13:32:45.4280696Z,Number of regular files transferred: 70,,0
	2026-01-28T13:32:45.4678413Z,Total file size: 224.89K bytes,,0
	2026-01-28T13:32:45.5371592Z,Total transferred file size: 224.89K bytes,,0
	2026-01-28T13:32:45.6350459Z,Literal data: 224.89K bytes,,0
	2026-01-28T13:32:45.6959024Z,Matched data: 0 bytes,,0
	2026-01-28T13:32:45.7644228Z,File list size: 0,,0
	2026-01-28T13:32:45.9126731Z,File list generation time: 0.455 seconds,,0
	2026-01-28T13:32:46.0016701Z,File list transfer time: 0.000 seconds,,0
	2026-01-28T13:32:46.0704133Z,Total bytes sent: 12.20K,,0
	2026-01-28T13:32:46.1011537Z,Total bytes received: 1.42K,,0
	2026-01-28T13:32:46.1602008Z,,,0
	2026-01-28T13:32:46.2020790Z,sent 12.20K bytes  received 1.42K bytes  514.04 bytes/sec,,0
	2026-01-28T13:32:46.3452138Z,total size is 224.89K  speedup is 16.51,,0
	2026-01-28T13:32:46.3892530Z,Attempt 1: Rsync for filelist /tmp//splits/split.af completed with exit code 0,,0
	2026-01-28T13:32:46.4788005Z,,,0
	2026-01-28T13:32:46.5448939Z,Number of files: 80 (reg: 70&comma; dir: 10),,0
	2026-01-28T13:32:46.5851100Z,Number of created files: 0,,0
	2026-01-28T13:32:46.6938231Z,Number of deleted files: 0,,0
	2026-01-28T13:32:46.7472499Z,Number of regular files transferred: 70,,0
	2026-01-28T13:32:46.8059338Z,Total file size: 5.14M bytes,,0
	2026-01-28T13:32:46.9559581Z,Total transferred file size: 5.14M bytes,,0
	2026-01-28T13:32:47.1721003Z,Literal data: 5.14M bytes,,0
	2026-01-28T13:32:47.1934497Z,Matched data: 0 bytes,,0
	2026-01-28T13:32:47.2410497Z,File list size: 0,,0
	2026-01-28T13:32:47.3393121Z,File list generation time: 0.402 seconds,,0
	2026-01-28T13:32:47.3984949Z,File list transfer time: 0.000 seconds,,0
	2026-01-28T13:32:47.4502379Z,Total bytes sent: 776.99K,,0
	2026-01-28T13:32:47.5187524Z,Total bytes received: 1.37K,,0
	2026-01-28T13:32:47.5863451Z,,,0
	2026-01-28T13:32:47.7159262Z,sent 776.99K bytes  received 1.37K bytes  28.30K bytes/sec,,0
	2026-01-28T13:32:47.8098855Z,total size is 5.14M  speedup is 6.61,,0
	2026-01-28T13:32:47.8390922Z,Attempt 1: Rsync for filelist /tmp//splits/split.ad completed with exit code 0,,0
	2026-01-28T13:32:47.9091924Z,,,0
	2026-01-28T13:32:47.9881127Z,Number of files: 90 (reg: 70&comma; dir: 20),,0
	2026-01-28T13:32:48.0766359Z,Number of created files: 4 (reg: 3&comma; dir: 1),,0
	2026-01-28T13:32:48.1082931Z,Number of deleted files: 0,,0
	2026-01-28T13:32:48.1789440Z,Number of regular files transferred: 70,,0
	2026-01-28T13:32:48.2565865Z,Total file size: 9.27M bytes,,0
	2026-01-28T13:32:48.3186121Z,Total transferred file size: 9.27M bytes,,0
	2026-01-28T13:32:48.3662367Z,Literal data: 9.27M bytes,,0
	2026-01-28T13:32:48.4258174Z,Matched data: 0 bytes,,0
	2026-01-28T13:32:48.4849290Z,File list size: 0,,0
	2026-01-28T13:32:48.5565435Z,File list generation time: 0.169 seconds,,0
	2026-01-28T13:32:48.6251483Z,File list transfer time: 0.000 seconds,,0
	2026-01-28T13:32:48.7954930Z,Total bytes sent: 5.17M,,0
	2026-01-28T13:32:48.8540306Z,Total bytes received: 1.40K,,0
	2026-01-28T13:32:48.9329443Z,,,0
	2026-01-28T13:32:49.0041219Z,sent 5.17M bytes  received 1.40K bytes  175.25K bytes/sec,,0
	2026-01-28T13:32:49.0619600Z,total size is 9.27M  speedup is 1.79,,0
	2026-01-28T13:32:49.1305435Z,Attempt 1: Rsync for filelist /tmp//splits/split.ab completed with exit code 0,,0
	2026-01-28T13:33:41.7959770Z,,,0
	2026-01-28T13:33:41.8260907Z,Number of files: 112 (reg: 70&comma; dir: 42),,0
	2026-01-28T13:33:41.8456468Z,Number of created files: 0,,0
	2026-01-28T13:33:41.8752663Z,Number of deleted files: 0,,0
	2026-01-28T13:33:41.9059905Z,Number of regular files transferred: 70,,0
	2026-01-28T13:33:41.9349156Z,Total file size: 86.58M bytes,,0
	2026-01-28T13:33:41.9546129Z,Total transferred file size: 86.58M bytes,,0
	2026-01-28T13:33:41.9675870Z,Literal data: 86.58M bytes,,0
	2026-01-28T13:33:41.9944095Z,Matched data: 0 bytes,,0
	2026-01-28T13:33:42.0150897Z,File list size: 0,,0
	2026-01-28T13:33:42.0274754Z,File list generation time: 0.224 seconds,,0
	2026-01-28T13:33:42.0447937Z,File list transfer time: 0.000 seconds,,0
	2026-01-28T13:33:42.0661239Z,Total bytes sent: 74.06M,,0
	2026-01-28T13:33:42.0852762Z,Total bytes received: 1.47K,,0
	2026-01-28T13:33:42.1053574Z,,,0
	2026-01-28T13:33:42.1337763Z,sent 74.06M bytes  received 1.47K bytes  856.21K bytes/sec,,0
	2026-01-28T13:33:42.1623706Z,total size is 86.58M  speedup is 1.17,,0
	2026-01-28T13:33:42.1727716Z,Attempt 1: Rsync for filelist /tmp//splits/split.aa completed with exit code 0,,0
	2026-01-28T13:33:42.1919548Z,Deleting files not present in /tmp/zipdeploy/extracted/ from /home/site/wwwroot/,,0
	2026-01-28T13:33:43.1561722Z,Number of files deleted: 5. See /tmp//rsync_deletion_logs.txt for more details.,,0
	2026-01-28T13:33:43.1958663Z,Completed successfully in 89 seconds,,0
2026-01-28T13:33:43.3956180Z,Rsync completed to /home/site/wwwroot,b85d6c0f-d62d-4b8e-beeb-f91bae8df7f4,0
2026-01-28T13:33:43.6042715Z,Manifest created at /home/site/wwwroot,e7d9d6b4-2cd8-40da-8fe3-41c2ccf3b29f,0
2026-01-28T13:33:43.7738691Z,Optimized build done with success: True,6710d0bb-1db7-42a9-9593-c615b5f9f0ae,0
2026-01-28T13:33:43.8964972Z,Build completed succesfully.,3d8e9e59-cbe4-4236-9c10-eba5f292d717,0
2026-01-28T13:33:44.0286469Z,Running post deployment command(s)...,46ccf74c-881e-4a4a-851b-e56c668d1ee5,0
2026-01-28T13:33:44.1896219Z,Triggering container recycle for OneDeploy by adding/updating restartTrigger.txt to the site root path,a44b65f8-10c1-40b6-8f1b-3d8658b07ab5,0
2026-01-28T13:33:44.3574828Z,Deployment successful. deployer = OneDeploy deploymentPath = OneDeploy,d95efad6-1e7d-4b72-b5f9-d83cd03ad104,0
